<?xml version="1.0" encoding="UTF-8"?>
<!-- Generated by org.testng.reporters.JUnitXMLReporter -->
<testsuite hostname="cimora02-priv.qa.dc2.beachbody.com" ignored="0" name="Test" tests="1" failures="1" timestamp="03 Jun 2019 09:06:33 GMT" time="0.797" errors="0">
  <testcase name="runScenario" time="0.391" classname="com.beachbody.automation.runners.AbstractTestNGCucumberParallelTests">
    <failure type="cucumber.runtime.DuplicateStepDefinitionException" message="Duplicate step definitions in com.beachbody.automation.stepdefs.OATS_StepDefs.i_should_be_able_to_validate_customer_details_in_EBS() in file:/Users/vishnu/EnterpriseQEAutomation/target/test-classes/ and com.beachbody.automation.stepdefs.EBS_StepDefs.i_should_be_able_to_validate_customer_details_in_EBS() in file:/Users/vishnu/EnterpriseQEAutomation/target/test-classes/">
      <![CDATA[cucumber.runtime.DuplicateStepDefinitionException: Duplicate step definitions in com.beachbody.automation.stepdefs.OATS_StepDefs.i_should_be_able_to_validate_customer_details_in_EBS() in file:/Users/vishnu/EnterpriseQEAutomation/target/test-classes/ and com.beachbody.automation.stepdefs.EBS_StepDefs.i_should_be_able_to_validate_customer_details_in_EBS() in file:/Users/vishnu/EnterpriseQEAutomation/target/test-classes/
at cucumber.runner.Glue.addStepDefinition(Glue.java:30)
at cucumber.runtime.java.JavaBackend.addStepDefinition(JavaBackend.java:142)
at cucumber.runtime.java.MethodScanner.scan(MethodScanner.java:64)
at cucumber.runtime.java.MethodScanner.scan(MethodScanner.java:41)
at cucumber.runtime.java.JavaBackend.loadGlue(JavaBackend.java:82)
at cucumber.runner.Runner.<init>(Runner.java:28)
at cucumber.runner.ThreadLocalRunnerSupplier.createRunner(ThreadLocalRunnerSupplier.java:42)
at cucumber.runner.ThreadLocalRunnerSupplier.access$000(ThreadLocalRunnerSupplier.java:13)
at cucumber.runner.ThreadLocalRunnerSupplier$1.initialValue(ThreadLocalRunnerSupplier.java:22)
at cucumber.runner.ThreadLocalRunnerSupplier$1.initialValue(ThreadLocalRunnerSupplier.java:19)
at java.lang.ThreadLocal.setInitialValue(ThreadLocal.java:180)
at java.lang.ThreadLocal.get(ThreadLocal.java:170)
at cucumber.runner.ThreadLocalRunnerSupplier.get(ThreadLocalRunnerSupplier.java:38)
at cucumber.api.testng.TestNGCucumberRunner.runScenario(TestNGCucumberRunner.java:63)
at cucumber.api.testng.AbstractTestNGCucumberTests.runScenario(AbstractTestNGCucumberTests.java:22)
at com.beachbody.automation.runners.AbstractTestNGCucumberParallelTests.runScenario(AbstractTestNGCucumberParallelTests.java:56)
at java.util.concurrent.FutureTask.run(FutureTask.java:266)
at java.util.concurrent.Executors$RunnableAdapter.call(Executors.java:511)
at java.util.concurrent.FutureTask.run(FutureTask.java:266)
at java.util.concurrent.ThreadPoolExecutor.runWorker(ThreadPoolExecutor.java:1142)
at java.util.concurrent.ThreadPoolExecutor$Worker.run(ThreadPoolExecutor.java:617)
at java.lang.Thread.run(Thread.java:745)
... Removed 9 stack frames]]>
    </failure>
  </testcase> <!-- runScenario -->
</testsuite> <!-- Test -->
